14:25:28.218195[INFO]:CreateLogger Success 
14:25:32.629169[INFO]:0x0000017A7EA1A2F0 RegistSpi 0x0000017A7EA647B0
14:25:59.814673[INFO]:CreateLogger Success 
14:26:02.401160[INFO]:0x0000020FED58F4F0 RegistSpi 0x0000020FED559560
14:28:26.365271[INFO]:CreateLogger Success 
14:28:39.811135[INFO]:0x00000201CBB8D4A0 RegistSpi 0x00000201CBB806F0
14:29:03.105229[INFO]:CreateLogger Success 
14:29:56.369021[INFO]:0x000001BCC2A909A0 RegistSpi 0x000001BCC2A57000
14:30:20.216096[INFO]:CreateLogger Success 
14:30:24.417923[INFO]:0x000002F7CA4BE870 RegistSpi 0x000002F7CA4A03A0
14:35:32.035433[INFO]:CreateLogger Success 
14:35:34.935874[INFO]:0x000001B382B640C0 RegistSpi 0x000001B382B41D80
14:55:38.026559[INFO]:CreateLogger Success 
14:55:40.855462[INFO]:0x00000223FBDC3B60 RegistSpi 0x00000223FBD97130
14:56:07.422132[INFO]:CreateLogger Success 
14:56:10.264549[INFO]:0x000001BBFA7C23C0 RegistSpi 0x000001BBFA7A2150
14:56:36.153985[INFO]:CreateLogger Success 
14:56:43.013481[INFO]:0x0000026D6B660450 RegistSpi 0x0000026D6B648D30
14:57:04.477522[INFO]:CreateLogger Success 
14:57:08.863692[INFO]:0x000001F21064BB70 RegistSpi 0x000001F210640AF0
14:58:33.845540[INFO]:CreateLogger Success 
14:58:40.115976[INFO]:0x000001720ADBE860 RegistSpi 0x000001720ADA0980
14:59:22.503223[INFO]:CreateLogger Success 
14:59:30.296498[INFO]:0x0000028FF19451B0 RegistSpi 0x0000028FF193F280
15:00:26.976565[INFO]:CreateLogger Success 
15:00:30.971414[INFO]:0x000001977646DAD0 RegistSpi 0x000001977644F920
15:01:22.503664[INFO]:CreateLogger Success 
15:01:27.593275[INFO]:0x0000015CD5BAC9B0 RegistSpi 0x0000015CD5B92880
